TN:
SF:/Users/dan/Google Drive/Personal/LearningRedux/Code/chapter8_2/src/actionTypes.js
FNF:0
FNH:0
DA:2,4
DA:3,4
DA:4,4
DA:6,4
DA:7,4
DA:8,4
DA:10,4
DA:11,4
DA:12,4
DA:15,4
DA:16,4
DA:17,4
DA:19,4
DA:20,4
DA:21,4
DA:23,4
DA:24,4
DA:27,4
DA:28,4
LF:19
LH:19
BRF:0
BRH:0
end_of_record
TN:
SF:/Users/dan/Google Drive/Personal/LearningRedux/Code/chapter8_2/src/actions/filter.js
FN:3,(anonymous_0)
FN:10,(anonymous_1)
FNF:2
FNH:2
FNDA:3,(anonymous_0)
FNDA:2,(anonymous_1)
DA:3,4
DA:4,3
DA:10,4
DA:11,2
LF:4
LH:4
BRF:0
BRH:0
end_of_record
TN:
SF:/Users/dan/Google Drive/Personal/LearningRedux/Code/chapter8_2/src/actions/index.js
FNF:0
FNH:0
LF:0
LH:0
BRF:0
BRH:0
end_of_record
TN:
SF:/Users/dan/Google Drive/Personal/LearningRedux/Code/chapter8_2/src/actions/posts.js
FN:12,(anonymous_0)
FN:15,(anonymous_1)
FN:18,(anonymous_2)
FN:19,(anonymous_3)
FN:26,(anonymous_4)
FN:26,(anonymous_5)
FN:29,(anonymous_6)
FN:30,(anonymous_7)
FN:34,(anonymous_8)
FN:45,(anonymous_9)
FN:48,(anonymous_10)
FN:48,(anonymous_11)
FN:50,(anonymous_12)
FN:51,(anonymous_13)
FN:55,(anonymous_14)
FN:63,(anonymous_15)
FNF:16
FNH:0
FNDA:0,(anonymous_0)
FNDA:0,(anonymous_1)
FNDA:0,(anonymous_2)
FNDA:0,(anonymous_3)
FNDA:0,(anonymous_4)
FNDA:0,(anonymous_5)
FNDA:0,(anonymous_6)
FNDA:0,(anonymous_7)
FNDA:0,(anonymous_8)
FNDA:0,(anonymous_9)
FNDA:0,(anonymous_10)
FNDA:0,(anonymous_11)
FNDA:0,(anonymous_12)
FNDA:0,(anonymous_13)
FNDA:0,(anonymous_14)
FNDA:0,(anonymous_15)
DA:12,4
DA:15,0
DA:18,4
DA:19,0
DA:20,0
DA:21,0
DA:23,0
DA:26,4
DA:27,0
DA:29,0
DA:31,0
DA:34,4
DA:45,0
DA:48,4
DA:49,0
DA:50,0
DA:52,0
DA:55,4
DA:56,0
DA:63,4
DA:64,0
LF:21
LH:7
BRDA:20,0,0,0
BRDA:20,0,1,0
BRF:2
BRH:0
end_of_record
TN:
SF:/Users/dan/Google Drive/Personal/LearningRedux/Code/chapter8_2/src/actions/users.js
FN:10,(anonymous_0)
FN:13,(anonymous_1)
FN:16,(anonymous_2)
FN:16,(anonymous_3)
FN:17,(anonymous_4)
FN:21,(anonymous_5)
FN:33,(anonymous_6)
FN:36,(anonymous_7)
FN:48,(anonymous_8)
FNF:9
FNH:2
FNDA:3,(anonymous_0)
FNDA:3,(anonymous_1)
FNDA:0,(anonymous_2)
FNDA:0,(anonymous_3)
FNDA:0,(anonymous_4)
FNDA:0,(anonymous_5)
FNDA:0,(anonymous_6)
FNDA:0,(anonymous_7)
FNDA:0,(anonymous_8)
DA:10,4
DA:13,3
DA:16,4
DA:17,0
DA:18,0
DA:21,4
DA:33,0
DA:36,4
DA:48,0
LF:9
LH:5
BRF:0
BRH:0
end_of_record
TN:
SF:/Users/dan/Google Drive/Personal/LearningRedux/Code/chapter8_2/src/actions/utils.js
FN:1,(anonymous_0)
FN:5,(anonymous_1)
FN:9,(anonymous_2)
FN:14,(anonymous_3)
FNF:4
FNH:4
FNDA:3,(anonymous_0)
FNDA:3,(anonymous_1)
FNDA:3,(anonymous_2)
FNDA:1,(anonymous_3)
DA:1,4
DA:2,3
DA:3,3
DA:5,3
DA:6,3
DA:8,3
DA:10,3
DA:11,2
DA:12,2
DA:15,1
DA:16,1
LF:11
LH:11
BRDA:10,0,0,1
BRDA:10,0,1,2
BRF:2
BRH:2
end_of_record
TN:
SF:/Users/dan/Google Drive/Personal/LearningRedux/Code/chapter8_2/src/reducers/filter.js
FN:3,filterReducer
FNF:1
FNH:1
FNDA:6,filterReducer
DA:4,6
DA:6,2
DA:9,1
DA:12,3
LF:4
LH:4
BRDA:3,0,0,3
BRDA:4,1,0,2
BRDA:4,1,1,1
BRDA:4,1,2,3
BRF:4
BRH:4
end_of_record
TN:
SF:/Users/dan/Google Drive/Personal/LearningRedux/Code/chapter8_2/src/reducers/users.js
FN:3,usersReducer
FNF:1
FNH:1
FNDA:4,usersReducer
DA:4,4
DA:6,4
DA:7,1
DA:10,3
DA:11,0
DA:14,3
LF:6
LH:5
BRDA:3,0,0,2
BRDA:6,1,0,1
BRDA:6,1,1,3
BRDA:10,2,0,0
BRDA:10,2,1,3
BRF:5
BRH:4
end_of_record
