{"/Users/dan/Google Drive/Personal/LearningRedux/Code/chapter8_2/src/actionTypes.js": {"path":"/Users/dan/Google Drive/Personal/LearningRedux/Code/chapter8_2/src/actionTypes.js","statementMap":{"0":{"start":{"line":2,"column":34},"end":{"line":2,"column":54}},"1":{"start":{"line":3,"column":34},"end":{"line":3,"column":54}},"2":{"start":{"line":4,"column":34},"end":{"line":4,"column":54}},"3":{"start":{"line":6,"column":35},"end":{"line":6,"column":56}},"4":{"start":{"line":7,"column":35},"end":{"line":7,"column":56}},"5":{"start":{"line":8,"column":35},"end":{"line":8,"column":56}},"6":{"start":{"line":10,"column":29},"end":{"line":10,"column":44}},"7":{"start":{"line":11,"column":29},"end":{"line":11,"column":44}},"8":{"start":{"line":12,"column":29},"end":{"line":12,"column":44}},"9":{"start":{"line":15,"column":35},"end":{"line":15,"column":56}},"10":{"start":{"line":16,"column":35},"end":{"line":16,"column":56}},"11":{"start":{"line":17,"column":35},"end":{"line":17,"column":56}},"12":{"start":{"line":19,"column":35},"end":{"line":19,"column":56}},"13":{"start":{"line":20,"column":35},"end":{"line":20,"column":56}},"14":{"start":{"line":21,"column":35},"end":{"line":21,"column":56}},"15":{"start":{"line":23,"column":25},"end":{"line":23,"column":36}},"16":{"start":{"line":24,"column":27},"end":{"line":24,"column":40}},"17":{"start":{"line":27,"column":26},"end":{"line":27,"column":38}},"18":{"start":{"line":28,"column":28},"end":{"line":28,"column":42}}},"fnMap":{},"branchMap":{},"s":{"0":4,"1":4,"2":4,"3":4,"4":4,"5":4,"6":4,"7":4,"8":4,"9":4,"10":4,"11":4,"12":4,"13":4,"14":4,"15":4,"16":4,"17":4,"18":4},"f":{},"b":{},"_coverageSchema":"332fd63041d2c1bcb487cc26dd0d5f7d97098a6c","hash":"016a78d63e8f168273f1f8aee295e4c915126f58"}
,"/Users/dan/Google Drive/Personal/LearningRedux/Code/chapter8_2/src/actions/filter.js": {"path":"/Users/dan/Google Drive/Personal/LearningRedux/Code/chapter8_2/src/actions/filter.js","statementMap":{"0":{"start":{"line":3,"column":25},"end":{"line":8,"column":1}},"1":{"start":{"line":4,"column":2},"end":{"line":7,"column":3}},"2":{"start":{"line":10,"column":27},"end":{"line":14,"column":1}},"3":{"start":{"line":11,"column":2},"end":{"line":13,"column":3}}},"fnMap":{"0":{"name":"(anonymous_0)","decl":{"start":{"line":3,"column":25},"end":{"line":3,"column":26}},"loc":{"start":{"line":3,"column":37},"end":{"line":8,"column":1}},"line":3},"1":{"name":"(anonymous_1)","decl":{"start":{"line":10,"column":27},"end":{"line":10,"column":28}},"loc":{"start":{"line":10,"column":33},"end":{"line":14,"column":1}},"line":10}},"branchMap":{},"s":{"0":4,"1":3,"2":4,"3":2},"f":{"0":3,"1":2},"b":{},"_coverageSchema":"332fd63041d2c1bcb487cc26dd0d5f7d97098a6c","hash":"f27f222b6ca9cee2cbc3912038a705c36670713d"}
,"/Users/dan/Google Drive/Personal/LearningRedux/Code/chapter8_2/src/actions/index.js": {"path":"/Users/dan/Google Drive/Personal/LearningRedux/Code/chapter8_2/src/actions/index.js","statementMap":{},"fnMap":{},"branchMap":{},"s":{},"f":{},"b":{},"_coverageSchema":"332fd63041d2c1bcb487cc26dd0d5f7d97098a6c","hash":"f686465975645ef3fd8c1481daf54d96b9c3f62a"}
,"/Users/dan/Google Drive/Personal/LearningRedux/Code/chapter8_2/src/actions/posts.js": {"path":"/Users/dan/Google Drive/Personal/LearningRedux/Code/chapter8_2/src/actions/posts.js","statementMap":{"0":{"start":{"line":12,"column":26},"end":{"line":16,"column":2}},"1":{"start":{"line":12,"column":32},"end":{"line":16,"column":2}},"2":{"start":{"line":15,"column":31},"end":{"line":15,"column":46}},"3":{"start":{"line":18,"column":30},"end":{"line":24,"column":8}},"4":{"start":{"line":19,"column":2},"end":{"line":24,"column":8}},"5":{"start":{"line":20,"column":4},"end":{"line":22,"column":5}},"6":{"start":{"line":21,"column":6},"end":{"line":21,"column":40}},"7":{"start":{"line":23,"column":4},"end":{"line":23,"column":20}},"8":{"start":{"line":26,"column":34},"end":{"line":32,"column":5}},"9":{"start":{"line":26,"column":40},"end":{"line":32,"column":5}},"10":{"start":{"line":27,"column":2},"end":{"line":32,"column":5}},"11":{"start":{"line":29,"column":23},"end":{"line":29,"column":65}},"12":{"start":{"line":31,"column":6},"end":{"line":31,"column":68}},"13":{"start":{"line":34,"column":20},"end":{"line":46,"column":2}},"14":{"start":{"line":34,"column":37},"end":{"line":46,"column":2}},"15":{"start":{"line":45,"column":20},"end":{"line":45,"column":35}},"16":{"start":{"line":48,"column":26},"end":{"line":53,"column":5}},"17":{"start":{"line":48,"column":43},"end":{"line":53,"column":5}},"18":{"start":{"line":49,"column":2},"end":{"line":53,"column":5}},"19":{"start":{"line":50,"column":20},"end":{"line":50,"column":52}},"20":{"start":{"line":52,"column":6},"end":{"line":52,"column":58}},"21":{"start":{"line":55,"column":24},"end":{"line":61,"column":1}},"22":{"start":{"line":56,"column":2},"end":{"line":60,"column":3}},"23":{"start":{"line":63,"column":26},"end":{"line":68,"column":1}},"24":{"start":{"line":64,"column":2},"end":{"line":67,"column":3}}},"fnMap":{"0":{"name":"(anonymous_0)","decl":{"start":{"line":12,"column":26},"end":{"line":12,"column":27}},"loc":{"start":{"line":12,"column":32},"end":{"line":16,"column":2}},"line":12},"1":{"name":"(anonymous_1)","decl":{"start":{"line":15,"column":19},"end":{"line":15,"column":20}},"loc":{"start":{"line":15,"column":31},"end":{"line":15,"column":46}},"line":15},"2":{"name":"(anonymous_2)","decl":{"start":{"line":18,"column":30},"end":{"line":18,"column":31}},"loc":{"start":{"line":19,"column":2},"end":{"line":24,"column":8}},"line":19},"3":{"name":"(anonymous_3)","decl":{"start":{"line":19,"column":15},"end":{"line":19,"column":16}},"loc":{"start":{"line":19,"column":36},"end":{"line":24,"column":3}},"line":19},"4":{"name":"(anonymous_4)","decl":{"start":{"line":26,"column":34},"end":{"line":26,"column":35}},"loc":{"start":{"line":26,"column":40},"end":{"line":32,"column":5}},"line":26},"5":{"name":"(anonymous_5)","decl":{"start":{"line":26,"column":40},"end":{"line":26,"column":41}},"loc":{"start":{"line":27,"column":2},"end":{"line":32,"column":5}},"line":27},"6":{"name":"(anonymous_6)","decl":{"start":{"line":29,"column":10},"end":{"line":29,"column":11}},"loc":{"start":{"line":29,"column":23},"end":{"line":29,"column":65}},"line":29},"7":{"name":"(anonymous_7)","decl":{"start":{"line":30,"column":11},"end":{"line":30,"column":12}},"loc":{"start":{"line":31,"column":6},"end":{"line":31,"column":68}},"line":31},"8":{"name":"(anonymous_8)","decl":{"start":{"line":34,"column":20},"end":{"line":34,"column":21}},"loc":{"start":{"line":34,"column":37},"end":{"line":46,"column":2}},"line":34},"9":{"name":"(anonymous_9)","decl":{"start":{"line":45,"column":8},"end":{"line":45,"column":9}},"loc":{"start":{"line":45,"column":20},"end":{"line":45,"column":35}},"line":45},"10":{"name":"(anonymous_10)","decl":{"start":{"line":48,"column":26},"end":{"line":48,"column":27}},"loc":{"start":{"line":48,"column":43},"end":{"line":53,"column":5}},"line":48},"11":{"name":"(anonymous_11)","decl":{"start":{"line":48,"column":43},"end":{"line":48,"column":44}},"loc":{"start":{"line":49,"column":2},"end":{"line":53,"column":5}},"line":49},"12":{"name":"(anonymous_12)","decl":{"start":{"line":50,"column":10},"end":{"line":50,"column":11}},"loc":{"start":{"line":50,"column":20},"end":{"line":50,"column":52}},"line":50},"13":{"name":"(anonymous_13)","decl":{"start":{"line":51,"column":11},"end":{"line":51,"column":12}},"loc":{"start":{"line":52,"column":6},"end":{"line":52,"column":58}},"line":52},"14":{"name":"(anonymous_14)","decl":{"start":{"line":55,"column":24},"end":{"line":55,"column":25}},"loc":{"start":{"line":55,"column":38},"end":{"line":61,"column":1}},"line":55},"15":{"name":"(anonymous_15)","decl":{"start":{"line":63,"column":26},"end":{"line":63,"column":27}},"loc":{"start":{"line":63,"column":34},"end":{"line":68,"column":1}},"line":63}},"branchMap":{"0":{"loc":{"start":{"line":20,"column":4},"end":{"line":22,"column":5}},"type":"if","locations":[{"start":{"line":20,"column":4},"end":{"line":22,"column":5}},{"start":{"line":20,"column":4},"end":{"line":22,"column":5}}],"line":20}},"s":{"0":4,"1":0,"2":0,"3":4,"4":0,"5":0,"6":0,"7":0,"8":4,"9":0,"10":0,"11":0,"12":0,"13":4,"14":0,"15":0,"16":4,"17":0,"18":0,"19":0,"20":0,"21":4,"22":0,"23":4,"24":0},"f":{"0":0,"1":0,"2":0,"3":0,"4":0,"5":0,"6":0,"7":0,"8":0,"9":0,"10":0,"11":0,"12":0,"13":0,"14":0,"15":0},"b":{"0":[0,0]},"_coverageSchema":"332fd63041d2c1bcb487cc26dd0d5f7d97098a6c","hash":"113896c7be30c34961a9ab2e7edaf5159fd8d1e1"}
,"/Users/dan/Google Drive/Personal/LearningRedux/Code/chapter8_2/src/actions/users.js": {"path":"/Users/dan/Google Drive/Personal/LearningRedux/Code/chapter8_2/src/actions/users.js","statementMap":{"0":{"start":{"line":10,"column":25},"end":{"line":14,"column":2}},"1":{"start":{"line":10,"column":39},"end":{"line":14,"column":2}},"2":{"start":{"line":13,"column":29},"end":{"line":13,"column":44}},"3":{"start":{"line":16,"column":37},"end":{"line":19,"column":4}},"4":{"start":{"line":16,"column":52},"end":{"line":19,"column":4}},"5":{"start":{"line":17,"column":2},"end":{"line":19,"column":4}},"6":{"start":{"line":18,"column":4},"end":{"line":18,"column":33}},"7":{"start":{"line":21,"column":26},"end":{"line":34,"column":2}},"8":{"start":{"line":21,"column":60},"end":{"line":34,"column":2}},"9":{"start":{"line":33,"column":20},"end":{"line":33,"column":35}},"10":{"start":{"line":36,"column":21},"end":{"line":49,"column":2}},"11":{"start":{"line":36,"column":45},"end":{"line":49,"column":2}},"12":{"start":{"line":48,"column":20},"end":{"line":48,"column":35}}},"fnMap":{"0":{"name":"(anonymous_0)","decl":{"start":{"line":10,"column":25},"end":{"line":10,"column":26}},"loc":{"start":{"line":10,"column":39},"end":{"line":14,"column":2}},"line":10},"1":{"name":"(anonymous_1)","decl":{"start":{"line":13,"column":17},"end":{"line":13,"column":18}},"loc":{"start":{"line":13,"column":29},"end":{"line":13,"column":44}},"line":13},"2":{"name":"(anonymous_2)","decl":{"start":{"line":16,"column":37},"end":{"line":16,"column":38}},"loc":{"start":{"line":16,"column":52},"end":{"line":19,"column":4}},"line":16},"3":{"name":"(anonymous_3)","decl":{"start":{"line":16,"column":52},"end":{"line":16,"column":53}},"loc":{"start":{"line":17,"column":2},"end":{"line":19,"column":4}},"line":17},"4":{"name":"(anonymous_4)","decl":{"start":{"line":17,"column":28},"end":{"line":17,"column":29}},"loc":{"start":{"line":18,"column":4},"end":{"line":18,"column":33}},"line":18},"5":{"name":"(anonymous_5)","decl":{"start":{"line":21,"column":26},"end":{"line":21,"column":27}},"loc":{"start":{"line":21,"column":60},"end":{"line":34,"column":2}},"line":21},"6":{"name":"(anonymous_6)","decl":{"start":{"line":33,"column":8},"end":{"line":33,"column":9}},"loc":{"start":{"line":33,"column":20},"end":{"line":33,"column":35}},"line":33},"7":{"name":"(anonymous_7)","decl":{"start":{"line":36,"column":21},"end":{"line":36,"column":22}},"loc":{"start":{"line":36,"column":45},"end":{"line":49,"column":2}},"line":36},"8":{"name":"(anonymous_8)","decl":{"start":{"line":48,"column":8},"end":{"line":48,"column":9}},"loc":{"start":{"line":48,"column":20},"end":{"line":48,"column":35}},"line":48}},"branchMap":{},"s":{"0":4,"1":3,"2":3,"3":4,"4":0,"5":0,"6":0,"7":4,"8":0,"9":0,"10":4,"11":0,"12":0},"f":{"0":3,"1":3,"2":0,"3":0,"4":0,"5":0,"6":0,"7":0,"8":0},"b":{},"_coverageSchema":"332fd63041d2c1bcb487cc26dd0d5f7d97098a6c","hash":"f50b2e10adbccf4713edebd25e423a3ab8a0dd4d"}
,"/Users/dan/Google Drive/Personal/LearningRedux/Code/chapter8_2/src/actions/utils.js": {"path":"/Users/dan/Google Drive/Personal/LearningRedux/Code/chapter8_2/src/actions/utils.js","statementMap":{"0":{"start":{"line":1,"column":28},"end":{"line":19,"column":1}},"1":{"start":{"line":2,"column":38},"end":{"line":2,"column":44}},"2":{"start":{"line":3,"column":44},"end":{"line":3,"column":49}},"3":{"start":{"line":5,"column":2},"end":{"line":18,"column":3}},"4":{"start":{"line":6,"column":4},"end":{"line":6,"column":42}},"5":{"start":{"line":8,"column":4},"end":{"line":17,"column":8}},"6":{"start":{"line":10,"column":8},"end":{"line":10,"column":55}},"7":{"start":{"line":10,"column":26},"end":{"line":10,"column":55}},"8":{"start":{"line":11,"column":8},"end":{"line":11,"column":53}},"9":{"start":{"line":12,"column":8},"end":{"line":12,"column":21}},"10":{"start":{"line":15,"column":8},"end":{"line":15,"column":52}},"11":{"start":{"line":16,"column":8},"end":{"line":16,"column":19}}},"fnMap":{"0":{"name":"(anonymous_0)","decl":{"start":{"line":1,"column":28},"end":{"line":1,"column":29}},"loc":{"start":{"line":1,"column":40},"end":{"line":19,"column":1}},"line":1},"1":{"name":"(anonymous_1)","decl":{"start":{"line":5,"column":9},"end":{"line":5,"column":10}},"loc":{"start":{"line":5,"column":23},"end":{"line":18,"column":3}},"line":5},"2":{"name":"(anonymous_2)","decl":{"start":{"line":9,"column":12},"end":{"line":9,"column":13}},"loc":{"start":{"line":9,"column":22},"end":{"line":13,"column":7}},"line":9},"3":{"name":"(anonymous_3)","decl":{"start":{"line":14,"column":13},"end":{"line":14,"column":14}},"loc":{"start":{"line":14,"column":22},"end":{"line":17,"column":7}},"line":14}},"branchMap":{"0":{"loc":{"start":{"line":10,"column":8},"end":{"line":10,"column":55}},"type":"if","locations":[{"start":{"line":10,"column":8},"end":{"line":10,"column":55}},{"start":{"line":10,"column":8},"end":{"line":10,"column":55}}],"line":10}},"s":{"0":4,"1":3,"2":3,"3":3,"4":3,"5":3,"6":3,"7":1,"8":2,"9":2,"10":1,"11":1},"f":{"0":3,"1":3,"2":3,"3":1},"b":{"0":[1,2]},"_coverageSchema":"332fd63041d2c1bcb487cc26dd0d5f7d97098a6c","hash":"a79a4f53775825b54fadd48ceed9c4d95661a195"}
,"/Users/dan/Google Drive/Personal/LearningRedux/Code/chapter8_2/src/reducers/filter.js": {"path":"/Users/dan/Google Drive/Personal/LearningRedux/Code/chapter8_2/src/reducers/filter.js","statementMap":{"0":{"start":{"line":4,"column":2},"end":{"line":13,"column":3}},"1":{"start":{"line":6,"column":6},"end":{"line":6,"column":26}},"2":{"start":{"line":9,"column":6},"end":{"line":9,"column":18}},"3":{"start":{"line":12,"column":6},"end":{"line":12,"column":18}}},"fnMap":{"0":{"name":"filterReducer","decl":{"start":{"line":3,"column":24},"end":{"line":3,"column":37}},"loc":{"start":{"line":3,"column":62},"end":{"line":14,"column":1}},"line":3}},"branchMap":{"0":{"loc":{"start":{"line":3,"column":39},"end":{"line":3,"column":52}},"type":"default-arg","locations":[{"start":{"line":3,"column":47},"end":{"line":3,"column":52}}],"line":3},"1":{"loc":{"start":{"line":4,"column":2},"end":{"line":13,"column":3}},"type":"switch","locations":[{"start":{"line":5,"column":4},"end":{"line":6,"column":26}},{"start":{"line":8,"column":4},"end":{"line":9,"column":18}},{"start":{"line":11,"column":4},"end":{"line":12,"column":18}}],"line":4}},"s":{"0":6,"1":2,"2":1,"3":3},"f":{"0":6},"b":{"0":[3],"1":[2,1,3]},"_coverageSchema":"332fd63041d2c1bcb487cc26dd0d5f7d97098a6c","hash":"111c8d391da5e34ed3d2c9133c58d61dac125483"}
,"/Users/dan/Google Drive/Personal/LearningRedux/Code/chapter8_2/src/reducers/users.js": {"path":"/Users/dan/Google Drive/Personal/LearningRedux/Code/chapter8_2/src/reducers/users.js","statementMap":{"0":{"start":{"line":4,"column":19},"end":{"line":4,"column":25}},"1":{"start":{"line":6,"column":2},"end":{"line":8,"column":3}},"2":{"start":{"line":7,"column":4},"end":{"line":7,"column":38}},"3":{"start":{"line":10,"column":2},"end":{"line":12,"column":3}},"4":{"start":{"line":11,"column":4},"end":{"line":11,"column":38}},"5":{"start":{"line":14,"column":2},"end":{"line":14,"column":14}}},"fnMap":{"0":{"name":"usersReducer","decl":{"start":{"line":3,"column":24},"end":{"line":3,"column":36}},"loc":{"start":{"line":3,"column":58},"end":{"line":15,"column":1}},"line":3}},"branchMap":{"0":{"loc":{"start":{"line":3,"column":38},"end":{"line":3,"column":48}},"type":"default-arg","locations":[{"start":{"line":3,"column":46},"end":{"line":3,"column":48}}],"line":3},"1":{"loc":{"start":{"line":6,"column":2},"end":{"line":8,"column":3}},"type":"if","locations":[{"start":{"line":6,"column":2},"end":{"line":8,"column":3}},{"start":{"line":6,"column":2},"end":{"line":8,"column":3}}],"line":6},"2":{"loc":{"start":{"line":10,"column":2},"end":{"line":12,"column":3}},"type":"if","locations":[{"start":{"line":10,"column":2},"end":{"line":12,"column":3}},{"start":{"line":10,"column":2},"end":{"line":12,"column":3}}],"line":10}},"s":{"0":4,"1":4,"2":1,"3":3,"4":0,"5":3},"f":{"0":4},"b":{"0":[2],"1":[1,3],"2":[0,3]},"_coverageSchema":"332fd63041d2c1bcb487cc26dd0d5f7d97098a6c","hash":"987f5f17d0e2a7cfefc0b6b33378c6bde27b53a2"}
}
