<?xml version="1.0" encoding="UTF-8"?>
<coverage generated="1496502038314" clover="3.2.0">
  <project timestamp="1496502038314" name="All files">
    <metrics statements="74" coveredstatements="55" conditionals="13" coveredconditionals="10" methods="33" coveredmethods="10" elements="120" coveredelements="75" complexity="0" loc="74" ncloc="74" packages="3" files="8" classes="8">
      <package name="src">
        <metrics statements="19" coveredstatements="19" conditionals="0" coveredconditionals="0" methods="0" coveredmethods="0"/>
        <file name="actionTypes.js" path="/Users/dan/Google Drive/Personal/LearningRedux/Code/chapter8_2/src/actionTypes.js">
          <metrics statements="19" coveredstatements="19" conditionals="0" coveredconditionals="0" methods="0" coveredmethods="0"/>
          <line num="2" count="4" type="stmt"/>
          <line num="3" count="4" type="stmt"/>
          <line num="4" count="4" type="stmt"/>
          <line num="6" count="4" type="stmt"/>
          <line num="7" count="4" type="stmt"/>
          <line num="8" count="4" type="stmt"/>
          <line num="10" count="4" type="stmt"/>
          <line num="11" count="4" type="stmt"/>
          <line num="12" count="4" type="stmt"/>
          <line num="15" count="4" type="stmt"/>
          <line num="16" count="4" type="stmt"/>
          <line num="17" count="4" type="stmt"/>
          <line num="19" count="4" type="stmt"/>
          <line num="20" count="4" type="stmt"/>
          <line num="21" count="4" type="stmt"/>
          <line num="23" count="4" type="stmt"/>
          <line num="24" count="4" type="stmt"/>
          <line num="27" count="4" type="stmt"/>
          <line num="28" count="4" type="stmt"/>
        </file>
      </package>
      <package name="src.actions">
        <metrics statements="45" coveredstatements="27" conditionals="4" coveredconditionals="2" methods="31" coveredmethods="8"/>
        <file name="filter.js" path="/Users/dan/Google Drive/Personal/LearningRedux/Code/chapter8_2/src/actions/filter.js">
          <metrics statements="4" coveredstatements="4" conditionals="0" coveredconditionals="0" methods="2" coveredmethods="2"/>
          <line num="3" count="4" type="stmt"/>
          <line num="4" count="3" type="stmt"/>
          <line num="10" count="4" type="stmt"/>
          <line num="11" count="2" type="stmt"/>
        </file>
        <file name="index.js" path="/Users/dan/Google Drive/Personal/LearningRedux/Code/chapter8_2/src/actions/index.js">
          <metrics statements="0" coveredstatements="0" conditionals="0" coveredconditionals="0" methods="0" coveredmethods="0"/>
        </file>
        <file name="posts.js" path="/Users/dan/Google Drive/Personal/LearningRedux/Code/chapter8_2/src/actions/posts.js">
          <metrics statements="21" coveredstatements="7" conditionals="2" coveredconditionals="0" methods="16" coveredmethods="0"/>
          <line num="12" count="4" type="stmt"/>
          <line num="15" count="0" type="stmt"/>
          <line num="18" count="4" type="stmt"/>
          <line num="19" count="0" type="stmt"/>
          <line num="20" count="0" type="cond" truecount="0" falsecount="2"/>
          <line num="21" count="0" type="stmt"/>
          <line num="23" count="0" type="stmt"/>
          <line num="26" count="4" type="stmt"/>
          <line num="27" count="0" type="stmt"/>
          <line num="29" count="0" type="stmt"/>
          <line num="31" count="0" type="stmt"/>
          <line num="34" count="4" type="stmt"/>
          <line num="45" count="0" type="stmt"/>
          <line num="48" count="4" type="stmt"/>
          <line num="49" count="0" type="stmt"/>
          <line num="50" count="0" type="stmt"/>
          <line num="52" count="0" type="stmt"/>
          <line num="55" count="4" type="stmt"/>
          <line num="56" count="0" type="stmt"/>
          <line num="63" count="4" type="stmt"/>
          <line num="64" count="0" type="stmt"/>
        </file>
        <file name="users.js" path="/Users/dan/Google Drive/Personal/LearningRedux/Code/chapter8_2/src/actions/users.js">
          <metrics statements="9" coveredstatements="5" conditionals="0" coveredconditionals="0" methods="9" coveredmethods="2"/>
          <line num="10" count="4" type="stmt"/>
          <line num="13" count="3" type="stmt"/>
          <line num="16" count="4" type="stmt"/>
          <line num="17" count="0" type="stmt"/>
          <line num="18" count="0" type="stmt"/>
          <line num="21" count="4" type="stmt"/>
          <line num="33" count="0" type="stmt"/>
          <line num="36" count="4" type="stmt"/>
          <line num="48" count="0" type="stmt"/>
        </file>
        <file name="utils.js" path="/Users/dan/Google Drive/Personal/LearningRedux/Code/chapter8_2/src/actions/utils.js">
          <metrics statements="11" coveredstatements="11" conditionals="2" coveredconditionals="2" methods="4" coveredmethods="4"/>
          <line num="1" count="4" type="stmt"/>
          <line num="2" count="3" type="stmt"/>
          <line num="3" count="3" type="stmt"/>
          <line num="5" count="3" type="stmt"/>
          <line num="6" count="3" type="stmt"/>
          <line num="8" count="3" type="stmt"/>
          <line num="10" count="3" type="cond" truecount="2" falsecount="0"/>
          <line num="11" count="2" type="stmt"/>
          <line num="12" count="2" type="stmt"/>
          <line num="15" count="1" type="stmt"/>
          <line num="16" count="1" type="stmt"/>
        </file>
      </package>
      <package name="src.reducers">
        <metrics statements="10" coveredstatements="9" conditionals="9" coveredconditionals="8" methods="2" coveredmethods="2"/>
        <file name="filter.js" path="/Users/dan/Google Drive/Personal/LearningRedux/Code/chapter8_2/src/reducers/filter.js">
          <metrics statements="4" coveredstatements="4" conditionals="4" coveredconditionals="4" methods="1" coveredmethods="1"/>
          <line num="4" count="6" type="cond" truecount="3" falsecount="0"/>
          <line num="6" count="2" type="stmt"/>
          <line num="9" count="1" type="stmt"/>
          <line num="12" count="3" type="stmt"/>
        </file>
        <file name="users.js" path="/Users/dan/Google Drive/Personal/LearningRedux/Code/chapter8_2/src/reducers/users.js">
          <metrics statements="6" coveredstatements="5" conditionals="5" coveredconditionals="4" methods="1" coveredmethods="1"/>
          <line num="4" count="4" type="stmt"/>
          <line num="6" count="4" type="cond" truecount="2" falsecount="0"/>
          <line num="7" count="1" type="stmt"/>
          <line num="10" count="3" type="cond" truecount="1" falsecount="1"/>
          <line num="11" count="0" type="stmt"/>
          <line num="14" count="3" type="stmt"/>
        </file>
      </package>
    </metrics>
  </project>
</coverage>
